<?xml version="1.0" encoding="UTF-8"?>
<testsuite name="br.com.marcelo.grpcbet.GrpcBetApplicationTests" tests="1" skipped="0" failures="0" errors="0" timestamp="2021-07-28T02:46:04" hostname="Marcelos-MacBook-Pro.local" time="0.229">
  <properties/>
  <testcase name="contextLoads()" classname="br.com.marcelo.grpcbet.GrpcBetApplicationTests" time="0.229"/>
  <system-out><![CDATA[23:46:01.092 [Test worker] DEBUG org.springframework.test.context.BootstrapUtils - Instantiating CacheAwareContextLoaderDelegate from class [org.springframework.test.context.cache.DefaultCacheAwareContextLoaderDelegate]
23:46:01.108 [Test worker] DEBUG org.springframework.test.context.BootstrapUtils - Instantiating BootstrapContext using constructor [public org.springframework.test.context.support.DefaultBootstrapContext(java.lang.Class,org.springframework.test.context.CacheAwareContextLoaderDelegate)]
23:46:01.145 [Test worker] DEBUG org.springframework.test.context.BootstrapUtils - Instantiating TestContextBootstrapper for test class [br.com.marcelo.grpcbet.GrpcBetApplicationTests] from class [org.springframework.boot.test.context.SpringBootTestContextBootstrapper]
23:46:01.158 [Test worker] INFO org.springframework.boot.test.context.SpringBootTestContextBootstrapper - Neither @ContextConfiguration nor @ContextHierarchy found for test class [br.com.marcelo.grpcbet.GrpcBetApplicationTests], using SpringBootContextLoader
23:46:01.162 [Test worker] DEBUG org.springframework.test.context.support.AbstractContextLoader - Did not detect default resource location for test class [br.com.marcelo.grpcbet.GrpcBetApplicationTests]: class path resource [br/com/marcelo/grpcbet/GrpcBetApplicationTests-context.xml] does not exist
23:46:01.163 [Test worker] DEBUG org.springframework.test.context.support.AbstractContextLoader - Did not detect default resource location for test class [br.com.marcelo.grpcbet.GrpcBetApplicationTests]: class path resource [br/com/marcelo/grpcbet/GrpcBetApplicationTestsContext.groovy] does not exist
23:46:01.164 [Test worker] INFO org.springframework.test.context.support.AbstractContextLoader - Could not detect default resource locations for test class [br.com.marcelo.grpcbet.GrpcBetApplicationTests]: no resource found for suffixes {-context.xml, Context.groovy}.
23:46:01.165 [Test worker] INFO org.springframework.test.context.support.AnnotationConfigContextLoaderUtils - Could not detect default configuration classes for test class [br.com.marcelo.grpcbet.GrpcBetApplicationTests]: GrpcBetApplicationTests does not declare any static, non-private, non-final, nested classes annotated with @Configuration.
23:46:01.217 [Test worker] DEBUG org.springframework.test.context.support.ActiveProfilesUtils - Could not find an 'annotation declaring class' for annotation type [org.springframework.test.context.ActiveProfiles] and class [br.com.marcelo.grpcbet.GrpcBetApplicationTests]
23:46:01.280 [Test worker] DEBUG org.springframework.context.annotation.ClassPathScanningCandidateComponentProvider - Identified candidate component class: file [/Users/marcelowender/Documents/git.marcelo/grpc/build/classes/java/main/br/com/marcelo/grpcbet/GrpcBetApplication.class]
23:46:01.281 [Test worker] INFO org.springframework.boot.test.context.SpringBootTestContextBootstrapper - Found @SpringBootConfiguration br.com.marcelo.grpcbet.GrpcBetApplication for test class br.com.marcelo.grpcbet.GrpcBetApplicationTests
23:46:01.359 [Test worker] DEBUG org.springframework.boot.test.context.SpringBootTestContextBootstrapper - @TestExecutionListeners is not present for class [br.com.marcelo.grpcbet.GrpcBetApplicationTests]: using defaults.
23:46:01.359 [Test worker] INFO org.springframework.boot.test.context.SpringBootTestContextBootstrapper - Loaded default TestExecutionListener class names from location [META-INF/spring.factories]: [org.springframework.boot.test.autoconfigure.restdocs.RestDocsTestExecutionListener, org.springframework.boot.test.autoconfigure.web.client.MockRestServiceServerResetTestExecutionListener, org.springframework.boot.test.autoconfigure.web.servlet.MockMvcPrintOnlyOnFailureTestExecutionListener, org.springframework.boot.test.autoconfigure.web.servlet.WebDriverTestExecutionListener, org.springframework.boot.test.autoconfigure.webservices.client.MockWebServiceServerTestExecutionListener, org.springframework.boot.test.mock.mockito.MockitoTestExecutionListener, org.springframework.boot.test.mock.mockito.ResetMocksTestExecutionListener, org.springframework.test.context.web.ServletTestExecutionListener, org.springframework.test.context.support.DirtiesContextBeforeModesTestExecutionListener, org.springframework.test.context.event.ApplicationEventsTestExecutionListener, org.springframework.test.context.support.DependencyInjectionTestExecutionListener, org.springframework.test.context.support.DirtiesContextTestExecutionListener, org.springframework.test.context.transaction.TransactionalTestExecutionListener, org.springframework.test.context.jdbc.SqlScriptsTestExecutionListener, org.springframework.test.context.event.EventPublishingTestExecutionListener]
23:46:01.378 [Test worker] INFO org.springframework.boot.test.context.SpringBootTestContextBootstrapper - Using TestExecutionListeners: [org.springframework.test.context.web.ServletTestExecutionListener@b41e19e4, org.springframework.test.context.support.DirtiesContextBeforeModesTestExecutionListener@3b6dfd7a, org.springframework.test.context.event.ApplicationEventsTestExecutionListener@6d44a8d6, org.springframework.boot.test.mock.mockito.MockitoTestExecutionListener@9aec3927, org.springframework.boot.test.autoconfigure.SpringBootDependencyInjectionTestExecutionListener@a95eff3, org.springframework.test.context.support.DirtiesContextTestExecutionListener@219fb4a1, org.springframework.test.context.transaction.TransactionalTestExecutionListener@d5adca17, org.springframework.test.context.jdbc.SqlScriptsTestExecutionListener@7f550956, org.springframework.test.context.event.EventPublishingTestExecutionListener@e8c6d817, org.springframework.boot.test.autoconfigure.restdocs.RestDocsTestExecutionListener@271b0a8, org.springframework.boot.test.autoconfigure.web.client.MockRestServiceServerResetTestExecutionListener@51a4f547, org.springframework.boot.test.autoconfigure.web.servlet.MockMvcPrintOnlyOnFailureTestExecutionListener@22ea6880, org.springframework.boot.test.autoconfigure.web.servlet.WebDriverTestExecutionListener@f71e7800, org.springframework.boot.test.autoconfigure.webservices.client.MockWebServiceServerTestExecutionListener@57899752, org.springframework.boot.test.mock.mockito.ResetMocksTestExecutionListener@fa5f43b2]
23:46:01.380 [Test worker] DEBUG org.springframework.test.context.support.AbstractDirtiesContextTestExecutionListener - Before test class: context [DefaultTestContext@b372c99b testClass = GrpcBetApplicationTests, testInstance = [null], testMethod = [null], testException = [null], mergedContextConfiguration = [WebMergedContextConfiguration@cdbe09b3 testClass = GrpcBetApplicationTests, locations = '{}', classes = '{class br.com.marcelo.grpcbet.GrpcBetApplication}', contextInitializerClasses = '[]', activeProfiles = '{}', propertySourceLocations = '{}', propertySourceProperties = '{org.springframework.boot.test.context.SpringBootTestContextBootstrapper=true}', contextCustomizers = set[org.springframework.boot.test.autoconfigure.actuate.metrics.MetricsExportContextCustomizerFactory$DisableMetricExportContextCustomizer@48200b29, org.springframework.boot.test.autoconfigure.properties.PropertyMappingContextCustomizer@0, org.springframework.boot.test.autoconfigure.web.servlet.WebDriverContextCustomizerFactory$Customizer@4986fb30, org.springframework.boot.test.context.filter.ExcludeFilterContextCustomizer@fff386a2, org.springframework.boot.test.json.DuplicateJsonObjectContextCustomizerFactory$DuplicateJsonObjectContextCustomizer@9ec35da3, org.springframework.boot.test.mock.mockito.MockitoContextCustomizer@0, org.springframework.boot.test.web.client.TestRestTemplateContextCustomizer@74be5fae, org.springframework.boot.test.context.SpringBootTestArgs@1, org.springframework.boot.test.context.SpringBootTestWebEnvironment@dc715b06], resourceBasePath = 'src/main/webapp', contextLoader = 'org.springframework.boot.test.context.SpringBootContextLoader', parent = [null]], attributes = map['org.springframework.test.context.web.ServletTestExecutionListener.activateListener' -> true]], class annotated with @DirtiesContext [false] with mode [null].
23:46:01.411 [Test worker] DEBUG org.springframework.test.context.support.TestPropertySourceUtils - Adding inlined properties to environment: {spring.jmx.enabled=false, org.springframework.boot.test.context.SpringBootTestContextBootstrapper=true}

  .   ____          _            __ _ _
 /\\ / ___'_ __ _ _(_)_ __  __ _ \ \ \ \
( ( )\___ | '_ | '_| | '_ \/ _` | \ \ \ \
 \\/  ___)| |_)| | | | | || (_| |  ) ) ) )
  '  |____| .__|_| |_|_| |_\__, | / / / /
 =========|_|==============|___/=/_/_/_/
 :: Spring Boot ::                (v2.5.3)

2021-07-27 23:46:01.808  INFO 22661 --- [    Test worker] b.c.m.grpcbet.GrpcBetApplicationTests    : Starting GrpcBetApplicationTests using Java 16.0.1 on Marcelos-MacBook-Pro.local with PID 22661 (started by marcelowender in /Users/marcelowender/Documents/git.marcelo/grpc)
2021-07-27 23:46:01.812  INFO 22661 --- [    Test worker] b.c.m.grpcbet.GrpcBetApplicationTests    : No active profile set, falling back to default profiles: default
2021-07-27 23:46:02.344  INFO 22661 --- [    Test worker] .s.d.r.c.RepositoryConfigurationDelegate : Bootstrapping Spring Data JPA repositories in DEFAULT mode.
2021-07-27 23:46:02.357  INFO 22661 --- [    Test worker] .s.d.r.c.RepositoryConfigurationDelegate : Finished Spring Data repository scanning in 5 ms. Found 0 JPA repository interfaces.
2021-07-27 23:46:02.771  INFO 22661 --- [    Test worker] com.zaxxer.hikari.HikariDataSource       : HikariPool-1 - Starting...
2021-07-27 23:46:02.935  INFO 22661 --- [    Test worker] com.zaxxer.hikari.HikariDataSource       : HikariPool-1 - Start completed.
2021-07-27 23:46:02.997  INFO 22661 --- [    Test worker] o.hibernate.jpa.internal.util.LogHelper  : HHH000204: Processing PersistenceUnitInfo [name: default]
2021-07-27 23:46:03.044  INFO 22661 --- [    Test worker] org.hibernate.Version                    : HHH000412: Hibernate ORM core version 5.4.32.Final
2021-07-27 23:46:03.168  INFO 22661 --- [    Test worker] o.hibernate.annotations.common.Version   : HCANN000001: Hibernate Commons Annotations {5.1.2.Final}
2021-07-27 23:46:03.283  INFO 22661 --- [    Test worker] org.hibernate.dialect.Dialect            : HHH000400: Using dialect: org.hibernate.dialect.H2Dialect
2021-07-27 23:46:03.484  INFO 22661 --- [    Test worker] o.h.e.t.j.p.i.JtaPlatformInitiator       : HHH000490: Using JtaPlatform implementation: [org.hibernate.engine.transaction.jta.platform.internal.NoJtaPlatform]
2021-07-27 23:46:03.492  INFO 22661 --- [    Test worker] j.LocalContainerEntityManagerFactoryBean : Initialized JPA EntityManagerFactory for persistence unit 'default'
2021-07-27 23:46:03.675  WARN 22661 --- [    Test worker] JpaBaseConfiguration$JpaWebConfiguration : spring.jpa.open-in-view is enabled by default. Therefore, database queries may be performed during view rendering. Explicitly configure spring.jpa.open-in-view to disable this warning
2021-07-27 23:46:04.095  INFO 22661 --- [    Test worker] b.c.m.grpcbet.GrpcBetApplicationTests    : Started GrpcBetApplicationTests in 2.679 seconds (JVM running for 3.937)
]]></system-out>
  <system-err><![CDATA[]]></system-err>
</testsuite>
